0 info it worked if it ends with ok
1 verbose cli [ '/Users/dmitrys/.nvm/versions/node/v6.5.0/bin/node',
1 verbose cli   '/Users/dmitrys/.nvm/versions/node/v6.5.0/bin/npm',
1 verbose cli   'run',
1 verbose cli   'test' ]
2 info using npm@3.10.3
3 info using node@v6.5.0
4 verbose run-script [ 'pretest', 'test', 'posttest' ]
5 info lifecycle syntax-cli@0.0.41~pretest: syntax-cli@0.0.41
6 silly lifecycle syntax-cli@0.0.41~pretest: no script for pretest, continuing
7 info lifecycle syntax-cli@0.0.41~test: syntax-cli@0.0.41
8 verbose lifecycle syntax-cli@0.0.41~test: unsafe-perm in lifecycle true
9 verbose lifecycle syntax-cli@0.0.41~test: PATH: /Users/dmitrys/.nvm/versions/node/v6.5.0/lib/node_modules/npm/bin/node-gyp-bin:/Users/dmitrys/syntax/node_modules/.bin:/Users/dmitrys/.nvm/versions/node/v6.5.0/bin:/Library/Frameworks/Python.framework/Versions/3.5/bin:/Users/dmitrys/.nvm/versions/node/v6.5.0/bin:/opt/facebook/bin:/usr/local/bin:/usr/bin:/bin:/usr/sbin:/sbin:/opt/homebrew/bin:/opt/facebook/nuclide/latest/nuclide/pkg/fb-biggrep-cli/bin:/opt/facebook/hg/bin:/usr/local/munki:/usr/local/smlnj/bin/:/opt/android_sdk/tools:/opt/android_sdk/platform-tools:/opt/android_sdk/tools:/opt/android_sdk/platform-tools
10 verbose lifecycle syntax-cli@0.0.41~test: CWD: /Users/dmitrys/syntax
11 silly lifecycle syntax-cli@0.0.41~test: Args: [ '-c', 'node node_modules/jest-cli/bin/jest.js' ]
12 silly lifecycle syntax-cli@0.0.41~test: Returned: code: 1  signal: null
13 info lifecycle syntax-cli@0.0.41~test: Failed to exec test script
14 verbose stack Error: syntax-cli@0.0.41 test: `node node_modules/jest-cli/bin/jest.js`
14 verbose stack Exit status 1
14 verbose stack     at EventEmitter.<anonymous> (/Users/dmitrys/.nvm/versions/node/v6.5.0/lib/node_modules/npm/lib/utils/lifecycle.js:242:16)
14 verbose stack     at emitTwo (events.js:106:13)
14 verbose stack     at EventEmitter.emit (events.js:191:7)
14 verbose stack     at ChildProcess.<anonymous> (/Users/dmitrys/.nvm/versions/node/v6.5.0/lib/node_modules/npm/lib/utils/spawn.js:40:14)
14 verbose stack     at emitTwo (events.js:106:13)
14 verbose stack     at ChildProcess.emit (events.js:191:7)
14 verbose stack     at maybeClose (internal/child_process.js:877:16)
14 verbose stack     at Process.ChildProcess._handle.onexit (internal/child_process.js:226:5)
15 verbose pkgid syntax-cli@0.0.41
16 verbose cwd /Users/dmitrys/syntax
17 error Darwin 16.1.0
18 error argv "/Users/dmitrys/.nvm/versions/node/v6.5.0/bin/node" "/Users/dmitrys/.nvm/versions/node/v6.5.0/bin/npm" "run" "test"
19 error node v6.5.0
20 error npm  v3.10.3
21 error code ELIFECYCLE
22 error syntax-cli@0.0.41 test: `node node_modules/jest-cli/bin/jest.js`
22 error Exit status 1
23 error Failed at the syntax-cli@0.0.41 test script 'node node_modules/jest-cli/bin/jest.js'.
23 error Make sure you have the latest version of node.js and npm installed.
23 error If you do, this is most likely a problem with the syntax-cli package,
23 error not with npm itself.
23 error Tell the author that this fails on your system:
23 error     node node_modules/jest-cli/bin/jest.js
23 error You can get information on how to open an issue for this project with:
23 error     npm bugs syntax-cli
23 error Or if that isn't available, you can get their info via:
23 error     npm owner ls syntax-cli
23 error There is likely additional logging output above.
24 verbose exit [ 1, true ]
